\\NASSTUDUSERS\2$\N0383124\COURSEWORK\SDI\TREES\BINARYTREE\BINARYTREE\DEBUG\BINSEARCHTREE.OBJ
\\NASSTUDUSERS\2$\N0383124\COURSEWORK\SDI\TREES\BINARYTREE\BINARYTREE\DEBUG\VC100.PDB
\\NASSTUDUSERS\2$\N0383124\COURSEWORK\SDI\TREES\BINARYTREE\DEBUG\BINARYTREE.EXE
\\NASSTUDUSERS\2$\N0383124\COURSEWORK\SDI\TREES\BINARYTREE\BINARYTREE\DEBUG\BINARYTREE.EXE.INTERMEDIATE.MANIFEST
\\NASSTUDUSERS\2$\N0383124\COURSEWORK\SDI\TREES\BINARYTREE\DEBUG\BINARYTREE.PDB
C:\Users\Tommytk\Downloads\TREES\TREES\binarytree\binarytree\Debug\BinSearchTree.obj
C:\Users\Tommytk\Downloads\TREES\TREES\binarytree\binarytree\Debug\cl.command.1.tlog
C:\Users\Tommytk\Downloads\TREES\TREES\binarytree\binarytree\Debug\CL.read.1.tlog
C:\Users\Tommytk\Downloads\TREES\TREES\binarytree\binarytree\Debug\CL.write.1.tlog
C:\Users\Tommytk\Downloads\TREES\TREES\binarytree\binarytree\Debug\link-cvtres.read.1.tlog
C:\Users\Tommytk\Downloads\TREES\TREES\binarytree\binarytree\Debug\link-cvtres.write.1.tlog
C:\Users\Tommytk\Downloads\TREES\TREES\binarytree\binarytree\Debug\link.command.1.tlog
C:\Users\Tommytk\Downloads\TREES\TREES\binarytree\binarytree\Debug\link.read.1.tlog
C:\Users\Tommytk\Downloads\TREES\TREES\binarytree\binarytree\Debug\link.write.1.tlog
C:\Users\Tommytk\Downloads\TREES\TREES\binarytree\binarytree\Debug\mt.command.1.tlog
C:\Users\Tommytk\Downloads\TREES\TREES\binarytree\binarytree\Debug\mt.read.1.tlog
C:\Users\Tommytk\Downloads\TREES\TREES\binarytree\binarytree\Debug\mt.write.1.tlog
C:\Users\Tommytk\Downloads\TREES\TREES\binarytree\binarytree\Debug\rc.command.1.tlog
C:\Users\Tommytk\Downloads\TREES\TREES\binarytree\binarytree\Debug\rc.read.1.tlog
C:\Users\Tommytk\Downloads\TREES\TREES\binarytree\binarytree\Debug\rc.write.1.tlog
C:\Users\Tommytk\Downloads\TREES\TREES\binarytree\binarytree\Debug\binarytree.exe.embed.manifest
C:\Users\Tommytk\Downloads\TREES\TREES\binarytree\binarytree\Debug\binarytree.exe.intermediate.manifest
C:\Users\Tommytk\Downloads\TREES\TREES\binarytree\binarytree\Debug\binarytree.exe.embed.manifest.res
C:\Users\Tommytk\Downloads\TREES\TREES\binarytree\binarytree\Debug\vc100.idb
C:\Users\Tommytk\Downloads\TREES\TREES\binarytree\binarytree\Debug\vc100.pdb
C:\Users\Tommytk\Downloads\TREES\TREES\binarytree\binarytree\Debug\binarytree_manifest.rc
C:\Users\Tommytk\Downloads\TREES\TREES\binarytree\Debug\binarytree.pdb
C:\Users\Tommytk\Downloads\TREES\TREES\binarytree\Debug\binarytree.exe
