C:\USERS\TOMMYTK\DOCUMENTS\SDI2\TREES\BINARYTREE\BINARYTREE\DEBUG\AIRCRAFT.OBJ
C:\USERS\TOMMYTK\DOCUMENTS\SDI2\TREES\BINARYTREE\BINARYTREE\DEBUG\BINSEARCHTREE.OBJ
C:\USERS\TOMMYTK\DOCUMENTS\SDI2\TREES\BINARYTREE\BINARYTREE\DEBUG\CONTRA.OBJ
C:\USERS\TOMMYTK\DOCUMENTS\SDI2\TREES\BINARYTREE\BINARYTREE\DEBUG\COUNTER.OBJ
C:\USERS\TOMMYTK\DOCUMENTS\SDI2\TREES\BINARYTREE\BINARYTREE\DEBUG\FIXEDWING.OBJ
C:\USERS\TOMMYTK\DOCUMENTS\SDI2\TREES\BINARYTREE\BINARYTREE\DEBUG\GLIDER.OBJ
C:\USERS\TOMMYTK\DOCUMENTS\SDI2\TREES\BINARYTREE\BINARYTREE\DEBUG\HELICOPTER.OBJ
C:\USERS\TOMMYTK\DOCUMENTS\SDI2\TREES\BINARYTREE\BINARYTREE\DEBUG\JET.OBJ
C:\USERS\TOMMYTK\DOCUMENTS\SDI2\TREES\BINARYTREE\BINARYTREE\DEBUG\LOGICLAYER.OBJ
C:\USERS\TOMMYTK\DOCUMENTS\SDI2\TREES\BINARYTREE\BINARYTREE\DEBUG\MAIN.OBJ
C:\USERS\TOMMYTK\DOCUMENTS\SDI2\TREES\BINARYTREE\BINARYTREE\DEBUG\NONPOWERED.OBJ
C:\USERS\TOMMYTK\DOCUMENTS\SDI2\TREES\BINARYTREE\BINARYTREE\DEBUG\POWERED.OBJ
C:\USERS\TOMMYTK\DOCUMENTS\SDI2\TREES\BINARYTREE\BINARYTREE\DEBUG\PROPELLER.OBJ
C:\USERS\TOMMYTK\DOCUMENTS\SDI2\TREES\BINARYTREE\BINARYTREE\DEBUG\VC110.PDB
C:\Users\Tommytk\Documents\SDI2\TREES\binarytree\binarytree\Debug\Aircraft.obj
C:\Users\Tommytk\Documents\SDI2\TREES\binarytree\binarytree\Debug\BinSearchTree.obj
C:\Users\Tommytk\Documents\SDI2\TREES\binarytree\binarytree\Debug\Contra.obj
C:\Users\Tommytk\Documents\SDI2\TREES\binarytree\binarytree\Debug\Counter.obj
C:\Users\Tommytk\Documents\SDI2\TREES\binarytree\binarytree\Debug\FixedWing.obj
C:\Users\Tommytk\Documents\SDI2\TREES\binarytree\binarytree\Debug\Glider.obj
C:\Users\Tommytk\Documents\SDI2\TREES\binarytree\binarytree\Debug\Helicopter.obj
C:\Users\Tommytk\Documents\SDI2\TREES\binarytree\binarytree\Debug\Jet.obj
C:\Users\Tommytk\Documents\SDI2\TREES\binarytree\binarytree\Debug\LogicLayer.obj
C:\Users\Tommytk\Documents\SDI2\TREES\binarytree\binarytree\Debug\main.obj
C:\Users\Tommytk\Documents\SDI2\TREES\binarytree\binarytree\Debug\NonPowered.obj
C:\Users\Tommytk\Documents\SDI2\TREES\binarytree\binarytree\Debug\Powered.obj
C:\Users\Tommytk\Documents\SDI2\TREES\binarytree\binarytree\Debug\Propeller.obj
C:\Users\Tommytk\Documents\SDI2\TREES\binarytree\binarytree\Debug\cl.command.1.tlog
C:\Users\Tommytk\Documents\SDI2\TREES\binarytree\binarytree\Debug\CL.read.1.tlog
C:\Users\Tommytk\Documents\SDI2\TREES\binarytree\binarytree\Debug\CL.write.1.tlog
C:\Users\Tommytk\Documents\SDI2\TREES\binarytree\binarytree\Debug\vc110.idb
C:\Users\Tommytk\Documents\SDI2\TREES\binarytree\binarytree\Debug\vc110.pdb
